CreateMutex
WaitForSingleObject
CreateEvent
CreateFileMapping
CreateThread
CreateWindow
RegisterWindowMessage
CloseHandle
WaitForMultipleObjects
GetCurrentThreadId
SetThreadDesktop
ResetEvent
SetEvent
CreateMutex
CreateMutexW
ReleaseMutex
socket
listen
bind
connect
MapViewOfFile
UnmapViewOfFile
recv
OpenProcess
RegOpenKeyEx
ReqQueryValueEx
RegCloseKey
MultiByteToWideChar
GetTickCount
InitializeCriticalSection
DeleteCriticalSection
CreateDirectory
FindFirstFile
DeleteFile
MoveFile
SetCurrentDirectory
RemoveDirectory
GetLocalTime
WinMain
DllMain
GetModuleFileName
CreateFile
GetFileSize
ReadFile
QueryInterface
_beginthreadex
_tWinMain
LoadLibrary
GetProcAddress
_WIN32_WCE
_ATL_APARTMENT_THREADED
